#
# There is insufficient memory for the Java Runtime Environment to continue.
# Native memory allocation (mmap) failed to map 257949696 bytes for G1 virtual space
# Possible reasons:
#   The system is out of physical RAM or swap space
#   The process is running with CompressedOops enabled, and the Java Heap may be blocking the growth of the native heap
# Possible solutions:
#   Reduce memory load on the system
#   Increase physical memory or swap space
#   Check if swap backing store is full
#   Decrease Java heap size (-Xmx/-Xms)
#   Decrease number of Java threads
#   Decrease Java thread stack sizes (-Xss)
#   Set larger code cache with -XX:ReservedCodeCacheSize=
#   JVM is running with Zero Based Compressed Oops mode in which the Java heap is
#     placed in the first 32GB address space. The Java Heap base address is the
#     maximum limit for the native heap growth. Please use -XX:HeapBaseMinAddress
#     to set the Java Heap base and to place the Java Heap above 32GB virtual address.
# This output file may be truncated or incomplete.
#
#  Out of Memory Error (os_windows.cpp:3550), pid=3800, tid=7148
#
# JRE version:  (17.0.7+8) (build )
# Java VM: Java HotSpot(TM) 64-Bit Server VM (17.0.7+8-LTS-224, mixed mode, sharing, tiered, compressed oops, compressed class ptrs, g1 gc, windows-amd64)
# No core dump will be written. Minidumps are not enabled by default on client versions of Windows
#

---------------  S U M M A R Y ------------

Command Line: -Dclassworlds.conf=C:\Program Files\NetBeans-20\netbeans\java\maven\bin\m2.conf -Dmaven.home=C:\Program Files\NetBeans-20\netbeans\java\maven -Dlibrary.jansi.path=C:\Program Files\NetBeans-20\netbeans\java\maven\lib\jansi-native -Dmaven.multiModuleProjectDirectory=C:\Users\ADMIN\Documents\NetBeansProjects\ShopSaleManagement org.codehaus.plexus.classworlds.launcher.Launcher -Dexec.vmArgs= -Dexec.args=${exec.vmArgs} -classpath %classpath ${exec.mainClass} ${exec.appArgs} -Dexec.appArgs= -Dexec.mainClass=me.khanh.clothingshopsalemanagement.Bootstrap -Dexec.executable=C:\Program Files\Java\jdk-17\bin\java.exe -Dmaven.ext.class.path=C:\Program Files\NetBeans-20\netbeans\java\maven-nblib\netbeans-eventspy.jar -Dfile.encoding=UTF-8 --no-transfer-progress process-classes org.codehaus.mojo:exec-maven-plugin:3.1.0:exec

Host: AMD Ryzen 5 5500U with Radeon Graphics         , 12 cores, 15G,  Windows 11 , 64 bit Build 22000 (10.0.22000.2538)
Time: Sun Jan 21 12:44:23 2024 SE Asia Standard Time elapsed time: 0.007456 seconds (0d 0h 0m 0s)

---------------  T H R E A D  ---------------

Current thread (0x000001f98c92d7e0):  JavaThread "Unknown thread" [_thread_in_vm, id=7148, stack(0x00000036af200000,0x00000036af300000)]

Stack: [0x00000036af200000,0x00000036af300000]
Native frames: (J=compiled Java code, j=interpreted, Vv=VM code, C=native code)
V  [jvm.dll+0x676a4a]
V  [jvm.dll+0x7d74f4]
V  [jvm.dll+0x7d8c9e]
V  [jvm.dll+0x7d9303]
V  [jvm.dll+0x2452c5]
V  [jvm.dll+0x6738f9]
V  [jvm.dll+0x668232]
V  [jvm.dll+0x302826]
V  [jvm.dll+0x309da6]
V  [jvm.dll+0x35952e]
V  [jvm.dll+0x35975f]
V  [jvm.dll+0x2d9a38]
V  [jvm.dll+0x2da9a4]
V  [jvm.dll+0x7a8fb1]
V  [jvm.dll+0x3670e1]
V  [jvm.dll+0x788359]
V  [jvm.dll+0x3ea5ef]
V  [jvm.dll+0x3ec071]
C  [jli.dll+0x5297]
C  [ucrtbase.dll+0x26c0c]
C  [KERNEL32.DLL+0x153e0]
C  [ntdll.dll+0x485b]


---------------  P R O C E S S  ---------------

Threads class SMR info:
_java_thread_list=0x00007ff932124998, length=0, elements={
}

Java Threads: ( => current thread )

Other Threads:
  0x000001f98eb473f0 GCTaskThread "GC Thread#0" [stack: 0x00000036af300000,0x00000036af400000] [id=10428]
  0x000001f98eb5a820 ConcurrentGCThread "G1 Main Marker" [stack: 0x00000036af400000,0x00000036af500000] [id=8932]
  0x000001f98eb5b130 ConcurrentGCThread "G1 Conc#0" [stack: 0x00000036af500000,0x00000036af600000] [id=16212]

[error occurred during error reporting (printing all threads), id 0xc0000005, EXCEPTION_ACCESS_VIOLATION (0xc0000005) at pc=0x00007ff93195a697]

VM state: not at safepoint (not fully initialized)

VM Mutex/Monitor currently owned by a thread:  ([mutex/lock_event])
[0x000001f98eade890] Heap_lock - owner thread: 0x000001f98c92d7e0

Heap address: 0x000000070a200000, size: 3934 MB, Compressed Oops mode: Zero based, Oop shift amount: 3

CDS archive(s) mapped at: [0x0000000000000000-0x0000000000000000-0x0000000000000000), size 0, SharedBaseAddress: 0x0000000800000000, ArchiveRelocationMode: 0.
Narrow klass base: 0x0000000000000000, Narrow klass shift: 0, Narrow klass range: 0x0

GC Precious Log:
<Empty>

Heap:
 garbage-first heap   total 0K, used 0K [0x000000070a200000, 0x0000000800000000)
  region size 2048K, 0 young (0K), 0 survivors (0K)

[error occurred during error reporting (printing heap information), id 0xc0000005, EXCEPTION_ACCESS_VIOLATION (0xc0000005) at pc=0x00007ff931d400b9]

GC Heap History (0 events):
No events

Deoptimization events (0 events):
No events

Classes unloaded (0 events):
No events

Classes redefined (0 events):
No events

Internal exceptions (0 events):
No events

VM Operations (0 events):
No events

Events (1 events):
Event: 0.004 Loaded shared library C:\Program Files\Java\jdk-17\bin\java.dll


Dynamic libraries:
0x00007ff75c150000 - 0x00007ff75c160000 	C:\Program Files\Java\jdk-17\bin\java.exe
0x00007ff9bfd00000 - 0x00007ff9bff09000 	C:\Windows\SYSTEM32\ntdll.dll
0x00007ff9bde70000 - 0x00007ff9bdf2d000 	C:\Windows\System32\KERNEL32.DLL
0x00007ff9bd710000 - 0x00007ff9bda94000 	C:\Windows\System32\KERNELBASE.dll
0x00007ff9ba660000 - 0x00007ff9ba6f2000 	C:\Windows\SYSTEM32\apphelp.dll
0x00007ff9bd2c0000 - 0x00007ff9bd3d1000 	C:\Windows\System32\ucrtbase.dll
0x00007ff997b90000 - 0x00007ff997ba9000 	C:\Program Files\Java\jdk-17\bin\jli.dll
0x00007ff9b90d0000 - 0x00007ff9b90eb000 	C:\Program Files\Java\jdk-17\bin\VCRUNTIME140.dll
0x00007ff9bdd80000 - 0x00007ff9bde2e000 	C:\Windows\System32\ADVAPI32.dll
0x00007ff9bdb50000 - 0x00007ff9bdbf3000 	C:\Windows\System32\msvcrt.dll
0x00007ff9bdc00000 - 0x00007ff9bdc9e000 	C:\Windows\System32\sechost.dll
0x00007ff9be110000 - 0x00007ff9be231000 	C:\Windows\System32\RPCRT4.dll
0x00007ff9bf880000 - 0x00007ff9bfa2d000 	C:\Windows\System32\USER32.dll
0x00007ff9a4200000 - 0x00007ff9a44a5000 	C:\Windows\WinSxS\amd64_microsoft.windows.common-controls_6595b64144ccf1df_6.0.22000.120_none_9d947278b86cc467\COMCTL32.dll
0x00007ff9bdaa0000 - 0x00007ff9bdac6000 	C:\Windows\System32\win32u.dll
0x00007ff9bf850000 - 0x00007ff9bf87a000 	C:\Windows\System32\GDI32.dll
0x00007ff9bd550000 - 0x00007ff9bd66e000 	C:\Windows\System32\gdi32full.dll
0x00007ff9bd670000 - 0x00007ff9bd70d000 	C:\Windows\System32\msvcp_win.dll
0x00007ff9b35a0000 - 0x00007ff9b35aa000 	C:\Windows\SYSTEM32\VERSION.dll
0x00007ff9bde30000 - 0x00007ff9bde61000 	C:\Windows\System32\IMM32.DLL
0x00007ff9b94d0000 - 0x00007ff9b94dc000 	C:\Program Files\Java\jdk-17\bin\vcruntime140_1.dll
0x00007ff9aec70000 - 0x00007ff9aecfe000 	C:\Program Files\Java\jdk-17\bin\msvcp140.dll
0x00007ff931670000 - 0x00007ff93224d000 	C:\Program Files\Java\jdk-17\bin\server\jvm.dll
0x00007ff9be860000 - 0x00007ff9be868000 	C:\Windows\System32\PSAPI.DLL
0x00007ff9b6890000 - 0x00007ff9b68c3000 	C:\Windows\SYSTEM32\WINMM.dll
0x00007ff9a3970000 - 0x00007ff9a3979000 	C:\Windows\SYSTEM32\WSOCK32.dll
0x00007ff9be0a0000 - 0x00007ff9be10f000 	C:\Windows\System32\WS2_32.dll
0x00007ff9bc1c0000 - 0x00007ff9bc1d8000 	C:\Windows\SYSTEM32\kernel.appcore.dll
0x00007ff9b8fe0000 - 0x00007ff9b8fea000 	C:\Program Files\Java\jdk-17\bin\jimage.dll
0x00007ff9b0690000 - 0x00007ff9b08b1000 	C:\Windows\SYSTEM32\DBGHELP.DLL
0x00007ff999360000 - 0x00007ff999391000 	C:\Windows\SYSTEM32\dbgcore.DLL
0x00007ff9bdad0000 - 0x00007ff9bdb4f000 	C:\Windows\System32\bcryptPrimitives.dll
0x00007ff9aef60000 - 0x00007ff9aef85000 	C:\Program Files\Java\jdk-17\bin\java.dll

dbghelp: loaded successfully - version: 4.0.5 - missing functions: none
symbol engine: initialized successfully - sym options: 0x614 - pdb path: .;C:\Program Files\Java\jdk-17\bin;C:\Windows\SYSTEM32;C:\Windows\WinSxS\amd64_microsoft.windows.common-controls_6595b64144ccf1df_6.0.22000.120_none_9d947278b86cc467;C:\Program Files\Java\jdk-17\bin\server

VM Arguments:
jvm_args: -Dclassworlds.conf=C:\Program Files\NetBeans-20\netbeans\java\maven\bin\m2.conf -Dmaven.home=C:\Program Files\NetBeans-20\netbeans\java\maven -Dlibrary.jansi.path=C:\Program Files\NetBeans-20\netbeans\java\maven\lib\jansi-native -Dmaven.multiModuleProjectDirectory=C:\Users\ADMIN\Documents\NetBeansProjects\ShopSaleManagement 
java_command: org.codehaus.plexus.classworlds.launcher.Launcher -Dexec.vmArgs= -Dexec.args=${exec.vmArgs} -classpath %classpath ${exec.mainClass} ${exec.appArgs} -Dexec.appArgs= -Dexec.mainClass=me.khanh.clothingshopsalemanagement.Bootstrap -Dexec.executable=C:\Program Files\Java\jdk-17\bin\java.exe -Dmaven.ext.class.path=C:\Program Files\NetBeans-20\netbeans\java\maven-nblib\netbeans-eventspy.jar -Dfile.encoding=UTF-8 --no-transfer-progress process-classes org.codehaus.mojo:exec-maven-plugin:3.1.0:exec
java_class_path (initial): C:\Program Files\NetBeans-20\netbeans\java\maven\boot\plexus-classworlds-2.7.0.jar
Launcher Type: SUN_STANDARD

[Global flags]
     intx CICompilerCount                          = 4                                         {product} {ergonomic}
     uint ConcGCThreads                            = 3                                         {product} {ergonomic}
     uint G1ConcRefinementThreads                  = 10                                        {product} {ergonomic}
   size_t G1HeapRegionSize                         = 2097152                                   {product} {ergonomic}
    uintx GCDrainStackTargetSize                   = 64                                        {product} {ergonomic}
   size_t InitialHeapSize                          = 257949696                                 {product} {ergonomic}
   size_t MarkStackSize                            = 4194304                                   {product} {ergonomic}
   size_t MaxHeapSize                              = 4125097984                                {product} {ergonomic}
   size_t MinHeapDeltaBytes                        = 2097152                                   {product} {ergonomic}
   size_t MinHeapSize                              = 8388608                                   {product} {ergonomic}
    uintx NonNMethodCodeHeapSize                   = 5839372                                {pd product} {ergonomic}
    uintx NonProfiledCodeHeapSize                  = 122909434                              {pd product} {ergonomic}
    uintx ProfiledCodeHeapSize                     = 122909434                              {pd product} {ergonomic}
    uintx ReservedCodeCacheSize                    = 251658240                              {pd product} {ergonomic}
     bool SegmentedCodeCache                       = true                                      {product} {ergonomic}
   size_t SoftMaxHeapSize                          = 4125097984                             {manageable} {ergonomic}
     bool UseCompressedClassPointers               = true                           {product lp64_product} {ergonomic}
     bool UseCompressedOops                        = true                           {product lp64_product} {ergonomic}
     bool UseG1GC                                  = true                                      {product} {ergonomic}
     bool UseLargePagesIndividualAllocation        = false                                  {pd product} {ergonomic}

Logging:
Log output configuration:
 #0: stdout all=warning uptime,level,tags
 #1: stderr all=off uptime,level,tags

Environment Variables:
JAVA_HOME=C:\Program Files\Java\jdk-17
PATH=C:\Program Files\Common Files\Oracle\Java\javapath;C:\Program Files (x86)\Common Files\Oracle\Java\javapath;C:\Windows\system32;C:\Windows;C:\Windows\System32\Wbem;C:\Windows\System32\WindowsPowerShell\v1.0\;C:\Windows\System32\OpenSSH\;C:\Program Files\Git\cmd;C:\Program Files (x86)\Bitvise SSH Client;C:\Program Files\dotnet\;C:\Program Files (x86)\Microsoft SQL Server\160\Tools\Binn\;C:\Program Files\Microsoft SQL Server\160\Tools\Binn\;C:\Program Files\Microsoft SQL Server\Client SDK\ODBC\170\Tools\Binn\;C:\Program Files\Microsoft SQL Server\160\DTS\Binn\;C:\Program Files (x86)\Microsoft SQL Server\160\DTS\Binn\;C:\Program Files\Azure Data Studio\bin;C:\Users\ADMIN\AppData\Local\Microsoft\WindowsApps;C:\Users\ADMIN\AppData\Local\Programs\Microsoft VS Code\bin;C:\Program Files\JetBrains\IntelliJ IDEA Community Edition 2023.1.1\bin;C:\Users\ADMIN\AppData\Local\Programs\Python\Python310\Scripts\;C:\msys64\ucrt64\bin\;C:\Program Files\JetBrains\PyCharm Community Edition 2023.2.1\bin;D:\Program Files\JetBrains\CLion 2023.2.2\bin;
USERNAME=ADMIN
OS=Windows_NT
PROCESSOR_IDENTIFIER=AMD64 Family 23 Model 104 Stepping 1, AuthenticAMD



---------------  S Y S T E M  ---------------

OS:
 Windows 11 , 64 bit Build 22000 (10.0.22000.2538)
OS uptime: 0 days 2:08 hours
Hyper-V role detected

CPU: total 12 (initial active 12) (12 cores per cpu, 2 threads per core) family 23 model 104 stepping 1 microcode 0x0, cx8, cmov, fxsr, ht, mmx, 3dnowpref, sse, sse2, sse3, ssse3, sse4a, sse4.1, sse4.2, popcnt, lzcnt, tsc, tscinvbit, avx, avx2, aes, clmul, bmi1, bmi2, adx, sha, fma, vzeroupper, clflush, clflushopt, hv

Memory: 4k page, system-wide physical 15733M (4568M free)
TotalPageFile size 23925M (AvailPageFile size 61M)
current process WorkingSet (physical memory assigned to process): 11M, peak: 11M
current process commit charge ("private bytes"): 64M, peak: 310M

vm_info: Java HotSpot(TM) 64-Bit Server VM (17.0.7+8-LTS-224) for windows-amd64 JRE (17.0.7+8-LTS-224), built on Feb 28 2023 23:03:02 by "mach5one" with MS VC++ 17.1 (VS2022)

END.
